<?xml version="1.0" encoding="UTF-8"?>
<!-- Generated by org.testng.reporters.JUnitReportReporter -->
<testsuite hostname="LAPTOP-KI46K08O" failures="0" tests="1" name="test_Runners.Amazon_Test" time="32.867" errors="1" timestamp="2022-08-24T12:02:54 IST" skipped="0">
  <testcase classname="test_Runners.Amazon_Test" name="runScenario" time="32.867">
    <error message="element click intercepted: Element &lt;span id=&quot;B01N6OOW52-amazons-choice-label&quot; class=&quot;a-badge-label&quot; data-a-badge-color=&quot;sx-gulfstream&quot; aria-hidden=&quot;true&quot;&gt;...&lt;/span&gt; is not clickable at point (513, 580). Other element would receive the click: &lt;img class=&quot;s-image&quot; src=&quot;https://m.media-amazon.com/images/I/71YNDJVZ0uL._AC_UL320_.jpg&quot; srcset=&quot;https://m.media-amazon.com/images/I/71YNDJVZ0uL._AC_UL320_.jpg 1x, https://m.media-amazon.com/images/I/71YNDJVZ0uL._AC_UL480_FMwebp_QL65_.jpg 1.5x, https://m.media-amazon.com/images/I/71YNDJVZ0uL._AC_UL640_FMwebp_QL65_.jpg 2x, https://m.media-amazon.com/images/I/71YNDJVZ0uL._AC_UL800_FMwebp_QL65_.jpg 2.5x, https://m.media-amazon.com/images/I/71YNDJVZ0uL._AC_UL960_FMwebp_QL65_.jpg 3x&quot; alt=&quot;Sponsored Ad - Vintage Clock Abstract Iron Station Clock (8 x 8 inch, dial: 8 inch, Black)&quot; data-image-index=&quot;1&quot; data-image-load=&quot;&quot; data-image-latency=&quot;s-product-image&quot; data-image-source-density=&quot;1&quot;&gt;
  (Session info: chrome=104.0.5112.102)
Build info: version: &#039;4.1.2&#039;, revision: &#039;9a5a329c5a&#039;
System info: host: &#039;LAPTOP-KI46K08O&#039;, ip: &#039;192.168.126.1&#039;, os.name: &#039;Windows 10&#039;, os.arch: &#039;amd64&#039;, os.version: &#039;10.0&#039;, java.version: &#039;18.0.1.1&#039;
Driver info: org.openqa.selenium.chrome.ChromeDriver
Command: [a1b3bdb529ccee075b947833ad296d0b, clickElement {id=00c9cd62-1cc6-4991-ae25-29f63a7d0b6c}]
Capabilities {acceptInsecureCerts: false, browserName: chrome, browserVersion: 104.0.5112.102, chrome: {chromedriverVersion: 104.0.5112.79 (3cf3e8c8a07d..., userDataDir: C:\Users\91935\AppData\Loca...}, goog:chromeOptions: {debuggerAddress: localhost:62103}, javascriptEnabled: true, networkConnectionEnabled: false, pageLoadStrategy: normal, platform: WINDOWS, platformName: WINDOWS, proxy: Proxy(), se:cdp: ws://localhost:62103/devtoo..., se:cdpVersion: 104.0.5112.102, setWindowRect: true, strictFileInteractability: false, timeouts: {implicit: 0, pageLoad: 300000, script: 30000}, unhandledPromptBehavior: dismiss and notify, webauthn:extension:credBlob: true, webauthn:extension:largeBlob: true, webauthn:virtualAuthenticators: true}
Element: [[ChromeDriver: chrome on WINDOWS (a1b3bdb529ccee075b947833ad296d0b)] -&gt; xpath: //span[@id=&#039;B01N6OOW52-amazons-choice-label&#039;]]
Session ID: a1b3bdb529ccee075b947833ad296d0b" type="org.openqa.selenium.ElementClickInterceptedException">
      <![CDATA[org.openqa.selenium.ElementClickInterceptedException: element click intercepted: Element <span id="B01N6OOW52-amazons-choice-label" class="a-badge-label" data-a-badge-color="sx-gulfstream" aria-hidden="true">...</span> is not clickable at point (513, 580). Other element would receive the click: <img class="s-image" src="https://m.media-amazon.com/images/I/71YNDJVZ0uL._AC_UL320_.jpg" srcset="https://m.media-amazon.com/images/I/71YNDJVZ0uL._AC_UL320_.jpg 1x, https://m.media-amazon.com/images/I/71YNDJVZ0uL._AC_UL480_FMwebp_QL65_.jpg 1.5x, https://m.media-amazon.com/images/I/71YNDJVZ0uL._AC_UL640_FMwebp_QL65_.jpg 2x, https://m.media-amazon.com/images/I/71YNDJVZ0uL._AC_UL800_FMwebp_QL65_.jpg 2.5x, https://m.media-amazon.com/images/I/71YNDJVZ0uL._AC_UL960_FMwebp_QL65_.jpg 3x" alt="Sponsored Ad - Vintage Clock Abstract Iron Station Clock (8 x 8 inch, dial: 8 inch, Black)" data-image-index="1" data-image-load="" data-image-latency="s-product-image" data-image-source-density="1">
  (Session info: chrome=104.0.5112.102)
Build info: version: '4.1.2', revision: '9a5a329c5a'
System info: host: 'LAPTOP-KI46K08O', ip: '192.168.126.1', os.name: 'Windows 10', os.arch: 'amd64', os.version: '10.0', java.version: '18.0.1.1'
Driver info: org.openqa.selenium.chrome.ChromeDriver
Command: [a1b3bdb529ccee075b947833ad296d0b, clickElement {id=00c9cd62-1cc6-4991-ae25-29f63a7d0b6c}]
Capabilities {acceptInsecureCerts: false, browserName: chrome, browserVersion: 104.0.5112.102, chrome: {chromedriverVersion: 104.0.5112.79 (3cf3e8c8a07d..., userDataDir: C:\Users\91935\AppData\Loca...}, goog:chromeOptions: {debuggerAddress: localhost:62103}, javascriptEnabled: true, networkConnectionEnabled: false, pageLoadStrategy: normal, platform: WINDOWS, platformName: WINDOWS, proxy: Proxy(), se:cdp: ws://localhost:62103/devtoo..., se:cdpVersion: 104.0.5112.102, setWindowRect: true, strictFileInteractability: false, timeouts: {implicit: 0, pageLoad: 300000, script: 30000}, unhandledPromptBehavior: dismiss and notify, webauthn:extension:credBlob: true, webauthn:extension:largeBlob: true, webauthn:virtualAuthenticators: true}
Element: [[ChromeDriver: chrome on WINDOWS (a1b3bdb529ccee075b947833ad296d0b)] -> xpath: //span[@id='B01N6OOW52-amazons-choice-label']]
Session ID: a1b3bdb529ccee075b947833ad296d0b
at java.base/jdk.internal.reflect.DirectConstructorHandleAccessor.newInstance(DirectConstructorHandleAccessor.java:67)
at java.base/java.lang.reflect.Constructor.newInstanceWithCaller(Constructor.java:499)
at java.base/java.lang.reflect.Constructor.newInstance(Constructor.java:483)
at org.openqa.selenium.remote.codec.w3c.W3CHttpResponseCodec.createException(W3CHttpResponseCodec.java:200)
at org.openqa.selenium.remote.codec.w3c.W3CHttpResponseCodec.decode(W3CHttpResponseCodec.java:133)
at org.openqa.selenium.remote.codec.w3c.W3CHttpResponseCodec.decode(W3CHttpResponseCodec.java:53)
at org.openqa.selenium.remote.HttpCommandExecutor.execute(HttpCommandExecutor.java:184)
at org.openqa.selenium.remote.service.DriverCommandExecutor.invokeExecute(DriverCommandExecutor.java:167)
at org.openqa.selenium.remote.service.DriverCommandExecutor.execute(DriverCommandExecutor.java:142)
at org.openqa.selenium.remote.RemoteWebDriver.execute(RemoteWebDriver.java:558)
at org.openqa.selenium.remote.RemoteWebElement.execute(RemoteWebElement.java:251)
at org.openqa.selenium.remote.RemoteWebElement.click(RemoteWebElement.java:77)
at com.pages.Amazon_HomePage.click_Product(Amazon_HomePage.java:61)
at TodaysStepdefinations.Amazon_Stepdefination.user_able_to_click_the_particular_product(Amazon_Stepdefination.java:72)
at ✽.User able to click the particular product(file:///C:/Users/91935/eclipse-workspace-Qo-box/DemoCommerce/CucumberDemoCommerce/src/test/java/com/test/resources/Amazon.feature:14)
]]>
    </error>
  </testcase> <!-- runScenario -->
  <system-out/>
</testsuite> <!-- test_Runners.Amazon_Test -->
